time="2023-02-28T18:22:07+02:00" level=info msg="create router" func="main.main()" file="app.go;19"
time="2023-02-28T18:22:07+02:00" level=info msg="read application configuration" func="awesomeProject/internal/config.GetConfig.func1()" file="config.go;24"
time="2023-02-28T18:22:07+02:00" level=info msg="register user handler" func="main.main()" file="app.go;24"
time="2023-02-28T18:22:07+02:00" level=info msg="start application" func="main.start()" file="app.go;32"
time="2023-02-28T18:22:07+02:00" level=info msg="detect app path" func="main.start()" file="app.go;38"
time="2023-02-28T18:22:07+02:00" level=info msg="create socket" func="main.start()" file="app.go;43"
time="2023-02-28T18:22:07+02:00" level=info msg="listen unix socket" func="main.start()" file="app.go;46"
time="2023-02-28T18:22:07+02:00" level=info msg="server is listening port unix socket: /tmp/GoLand/app.sock" func="main.start()" file="app.go;48"
time="2023-02-28T18:25:54+02:00" level=info msg="create router" func="main.main()" file="app.go;19"
time="2023-02-28T18:25:54+02:00" level=info msg="read application configuration" func="awesomeProject/internal/config.GetConfig.func1()" file="config.go;24"
time="2023-02-28T18:25:54+02:00" level=info msg="register user handler" func="main.main()" file="app.go;24"
time="2023-02-28T18:25:54+02:00" level=info msg="start application" func="main.start()" file="app.go;32"
time="2023-02-28T18:25:54+02:00" level=info msg="detect app path" func="main.start()" file="app.go;38"
time="2023-02-28T18:25:54+02:00" level=info msg="create socket" func="main.start()" file="app.go;43"
time="2023-02-28T18:25:54+02:00" level=info msg="listen unix socket" func="main.start()" file="app.go;46"
time="2023-02-28T18:25:54+02:00" level=info msg="server is listening port unix socket: /tmp/GoLand/app.sock" func="main.start()" file="app.go;48"
time="2023-02-28T18:25:54+02:00" level=fatal msg="listen unix /tmp/GoLand/app.sock: bind: address already in use" func="main.start()" file="app.go;55"
time="2023-02-28T18:26:30+02:00" level=info msg="create router" func="main.main()" file="app.go;19"
time="2023-02-28T18:26:30+02:00" level=info msg="read application configuration" func="awesomeProject/internal/config.GetConfig.func1()" file="config.go;24"
time="2023-02-28T18:26:30+02:00" level=info msg="register user handler" func="main.main()" file="app.go;24"
time="2023-02-28T18:26:30+02:00" level=info msg="start application" func="main.start()" file="app.go;32"
time="2023-02-28T18:26:30+02:00" level=info msg="detect app path" func="main.start()" file="app.go;38"
time="2023-02-28T18:26:30+02:00" level=info msg="create socket" func="main.start()" file="app.go;43"
time="2023-02-28T18:26:30+02:00" level=info msg="listen unix socket" func="main.start()" file="app.go;46"
time="2023-02-28T18:26:30+02:00" level=info msg="server is listening port unix socket: /tmp/GoLand/app.sock" func="main.start()" file="app.go;48"
time="2023-02-28T18:26:30+02:00" level=fatal msg="listen unix /tmp/GoLand/app.sock: bind: address already in use" func="main.start()" file="app.go;55"
time="2023-02-28T18:31:20+02:00" level=info msg="create router" func="main.main()" file="app.go;19"
time="2023-02-28T18:31:20+02:00" level=info msg="read application configuration" func="awesomeProject/internal/config.GetConfig.func1()" file="config.go;24"
time="2023-02-28T18:31:20+02:00" level=info msg="register user handler" func="main.main()" file="app.go;24"
time="2023-02-28T18:31:20+02:00" level=info msg="start application" func="main.start()" file="app.go;32"
time="2023-02-28T18:31:20+02:00" level=info msg="detect app path" func="main.start()" file="app.go;38"
time="2023-02-28T18:31:20+02:00" level=info msg="create socket" func="main.start()" file="app.go;43"
time="2023-02-28T18:31:20+02:00" level=info msg="listen unix socket" func="main.start()" file="app.go;46"
time="2023-02-28T18:31:20+02:00" level=info msg="server is listening port unix socket: /tmp/GoLand/app.sock" func="main.start()" file="app.go;48"
time="2023-02-28T18:31:20+02:00" level=fatal msg="listen unix /tmp/GoLand/app.sock: bind: address already in use" func="main.start()" file="app.go;55"
time="2023-02-28T18:35:31+02:00" level=info msg="create router" func="main.main()" file="app.go;19"
time="2023-02-28T18:35:31+02:00" level=info msg="read application configuration" func="awesomeProject/internal/config.GetConfig.func1()" file="config.go;24"
time="2023-02-28T18:35:31+02:00" level=info msg="register user handler" func="main.main()" file="app.go;24"
time="2023-02-28T18:35:31+02:00" level=info msg="start application" func="main.start()" file="app.go;32"
time="2023-02-28T18:35:31+02:00" level=info msg="detect app path" func="main.start()" file="app.go;38"
time="2023-02-28T18:35:31+02:00" level=info msg="create socket" func="main.start()" file="app.go;43"
time="2023-02-28T18:35:31+02:00" level=info msg="listen unix socket" func="main.start()" file="app.go;46"
time="2023-02-28T18:35:31+02:00" level=info msg="server is listening port unix socket: /tmp/GoLand/app.sock" func="main.start()" file="app.go;48"
time="2023-02-28T18:35:31+02:00" level=fatal msg="listen unix /tmp/GoLand/app.sock: bind: address already in use" func="main.start()" file="app.go;55"
time="2023-02-28T18:36:48+02:00" level=info msg="create router" func="main.main()" file="app.go;19"
time="2023-02-28T18:36:48+02:00" level=info msg="read application configuration" func="awesomeProject/internal/config.GetConfig.func1()" file="config.go;24"
time="2023-02-28T18:36:48+02:00" level=info msg="register user handler" func="main.main()" file="app.go;24"
time="2023-02-28T18:36:48+02:00" level=info msg="start application" func="main.start()" file="app.go;32"
time="2023-02-28T18:36:48+02:00" level=info msg="detect app path" func="main.start()" file="app.go;38"
time="2023-02-28T18:36:48+02:00" level=info msg="create socket" func="main.start()" file="app.go;43"
time="2023-02-28T18:36:48+02:00" level=info msg="listen unix socket" func="main.start()" file="app.go;46"
time="2023-02-28T18:36:48+02:00" level=info msg="server is listening port unix socket: /tmp/GoLand/app.sock" func="main.start()" file="app.go;48"
time="2023-02-28T18:36:48+02:00" level=fatal msg="listen unix /tmp/GoLand/app.sock: bind: address already in use" func="main.start()" file="app.go;55"
time="2023-02-28T18:41:02+02:00" level=info msg="create router" func="main.main()" file="app.go;19"
time="2023-02-28T18:41:02+02:00" level=info msg="read application configuration" func="awesomeProject/internal/config.GetConfig.func1()" file="config.go;24"
time="2023-02-28T18:41:02+02:00" level=info msg="register user handler" func="main.main()" file="app.go;24"
time="2023-02-28T18:41:02+02:00" level=info msg="start application" func="main.start()" file="app.go;32"
time="2023-02-28T18:41:02+02:00" level=info msg="detect app path" func="main.start()" file="app.go;38"
time="2023-02-28T18:41:02+02:00" level=info msg="create socket" func="main.start()" file="app.go;43"
time="2023-02-28T18:41:02+02:00" level=info msg="listen unix socket" func="main.start()" file="app.go;46"
time="2023-02-28T18:41:02+02:00" level=info msg="server is listening unix socket: /home/romeoo/Documents/Golang/awesomeProject/build/app.sock" func="main.start()" file="app.go;48"
time="2023-02-28T18:43:09+02:00" level=info msg="create router" func="main.main()" file="app.go;19"
time="2023-02-28T18:43:09+02:00" level=info msg="read application configuration" func="awesomeProject/internal/config.GetConfig.func1()" file="config.go;24"
time="2023-02-28T18:43:09+02:00" level=info msg="register user handler" func="main.main()" file="app.go;24"
time="2023-02-28T18:43:09+02:00" level=info msg="start application" func="main.start()" file="app.go;32"
time="2023-02-28T18:43:09+02:00" level=info msg="detect app path" func="main.start()" file="app.go;38"
time="2023-02-28T18:43:09+02:00" level=info msg="create socket" func="main.start()" file="app.go;43"
time="2023-02-28T18:43:09+02:00" level=info msg="listen unix socket" func="main.start()" file="app.go;46"
time="2023-02-28T18:43:09+02:00" level=info msg="server is listening unix socket: /home/romeoo/Documents/Golang/awesomeProject/build/app.sock" func="main.start()" file="app.go;48"
time="2023-02-28T18:43:09+02:00" level=fatal msg="listen unix /home/romeoo/Documents/Golang/awesomeProject/build/app.sock: bind: address already in use" func="main.start()" file="app.go;55"
time="2023-02-28T18:45:43+02:00" level=info msg="create router" func="main.main()" file="app.go;19"
time="2023-02-28T18:45:43+02:00" level=info msg="read application configuration" func="awesomeProject/internal/config.GetConfig.func1()" file="config.go;24"
time="2023-02-28T18:45:43+02:00" level=info msg="register user handler" func="main.main()" file="app.go;24"
time="2023-02-28T18:45:43+02:00" level=info msg="start application" func="main.start()" file="app.go;32"
time="2023-02-28T18:45:43+02:00" level=info msg="detect app path" func="main.start()" file="app.go;38"
time="2023-02-28T18:45:43+02:00" level=info msg="create socket" func="main.start()" file="app.go;43"
time="2023-02-28T18:45:43+02:00" level=info msg="listen unix socket" func="main.start()" file="app.go;46"
time="2023-02-28T18:45:43+02:00" level=info msg="server is listening unix socket: /home/romeoo/Documents/Golang/awesomeProject/build/app.sock" func="main.start()" file="app.go;48"
time="2023-02-28T18:45:43+02:00" level=fatal msg="listen unix /home/romeoo/Documents/Golang/awesomeProject/build/app.sock: bind: address already in use" func="main.start()" file="app.go;55"
time="2023-02-28T18:47:41+02:00" level=info msg="create router" func="main.main()" file="app.go;19"
time="2023-02-28T18:47:41+02:00" level=info msg="read application configuration" func="awesomeProject/internal/config.GetConfig.func1()" file="config.go;24"
time="2023-02-28T18:47:41+02:00" level=info func="awesomeProject/internal/config.GetConfig.func1()" file="config.go;28"
time="2023-02-28T18:47:41+02:00" level=fatal msg="field \"BindIP\" is required but the value is not provided" func="awesomeProject/internal/config.GetConfig.func1()" file="config.go;29"
time="2023-02-28T18:51:49+02:00" level=info msg="create router" func="main.main()" file="app.go;19"
time="2023-02-28T18:51:49+02:00" level=info msg="read application configuration" func="awesomeProject/internal/config.GetConfig.func1()" file="config.go;24"
time="2023-02-28T18:51:49+02:00" level=info msg="register user handler" func="main.main()" file="app.go;24"
time="2023-02-28T18:51:49+02:00" level=info msg="start application" func="main.start()" file="app.go;32"
time="2023-02-28T18:51:49+02:00" level=info msg="detect app path" func="main.start()" file="app.go;38"
time="2023-02-28T18:51:49+02:00" level=info msg="create socket" func="main.start()" file="app.go;43"
time="2023-02-28T18:51:49+02:00" level=info msg="listen unix socket" func="main.start()" file="app.go;46"
time="2023-02-28T18:51:49+02:00" level=info msg="server is listening unix socket: /home/romeoo/Documents/Golang/awesomeProject/build/app.sock" func="main.start()" file="app.go;48"
time="2023-02-28T18:51:49+02:00" level=fatal msg="listen unix /home/romeoo/Documents/Golang/awesomeProject/build/app.sock: bind: address already in use" func="main.start()" file="app.go;55"
time="2023-03-02T11:05:06+02:00" level=info msg="create router" func="main.main()" file="app.go;19"
time="2023-03-02T11:05:06+02:00" level=info msg="read application configuration" func="awesomeProject/internal/config.GetConfig.func1()" file="config.go;24"
time="2023-03-02T11:05:06+02:00" level=info msg="register user handler" func="main.main()" file="app.go;24"
time="2023-03-02T11:05:06+02:00" level=info msg="start application" func="main.start()" file="app.go;32"
time="2023-03-02T11:05:06+02:00" level=info msg="detect app path" func="main.start()" file="app.go;38"
time="2023-03-02T11:05:06+02:00" level=info msg="create socket" func="main.start()" file="app.go;43"
time="2023-03-02T11:05:06+02:00" level=info msg="listen unix socket" func="main.start()" file="app.go;46"
time="2023-03-02T11:05:06+02:00" level=info msg="server is listening unix socket: /home/romeoo/Documents/Golang/awesomeProject/build/app.sock" func="main.start()" file="app.go;48"
time="2023-03-02T11:05:06+02:00" level=fatal msg="listen unix /home/romeoo/Documents/Golang/awesomeProject/build/app.sock: bind: address already in use" func="main.start()" file="app.go;55"
time="2023-03-02T15:07:37+02:00" level=info msg="create router" func="main.main()" file="app.go;22"
time="2023-03-02T15:07:37+02:00" level=info msg="read application configuration" func="awesomeProject/internal/config.GetConfig.func1()" file="config.go;33"
time="2023-03-02T15:07:37+02:00" level=info func="awesomeProject/internal/config.GetConfig.func1()" file="config.go;37"
time="2023-03-02T15:07:37+02:00" level=fatal msg="field \"BindIP\" is required but the value is not provided" func="awesomeProject/internal/config.GetConfig.func1()" file="config.go;38"
time="2023-03-02T15:49:15+02:00" level=info msg="create router" func="main.main()" file="app.go;22"
time="2023-03-02T15:49:15+02:00" level=info msg="read application configuration" func="awesomeProject/internal/config.GetConfig.func1()" file="config.go;33"
time="2023-03-02T15:49:15+02:00" level=info func="awesomeProject/internal/config.GetConfig.func1()" file="config.go;37"
time="2023-03-02T15:49:15+02:00" level=fatal msg="field \"BindIP\" is required but the value is not provided" func="awesomeProject/internal/config.GetConfig.func1()" file="config.go;38"
time="2023-03-02T15:52:31+02:00" level=info msg="create router" func="main.main()" file="app.go;22"
time="2023-03-02T15:52:31+02:00" level=info msg="read application configuration" func="awesomeProject/internal/config.GetConfig.func1()" file="config.go;33"
time="2023-03-02T15:52:31+02:00" level=info func="awesomeProject/internal/config.GetConfig.func1()" file="config.go;37"
time="2023-03-02T15:52:31+02:00" level=fatal msg="field \"BindIP\" is required but the value is not provided" func="awesomeProject/internal/config.GetConfig.func1()" file="config.go;38"
time="2023-03-02T17:49:29+02:00" level=info msg="create router" func="main.main()" file="app.go;19"
time="2023-03-02T17:49:29+02:00" level=info msg="read application configuration" func="awesomeProject/internal/config.GetConfig.func1()" file="config.go;33"
time="2023-03-02T17:49:29+02:00" level=info func="awesomeProject/internal/config.GetConfig.func1()" file="config.go;37"
time="2023-03-02T17:49:29+02:00" level=fatal msg="field \"BindIP\" is required but the value is not provided" func="awesomeProject/internal/config.GetConfig.func1()" file="config.go;38"
time="2023-03-02T17:50:43+02:00" level=info msg="create router" func="main.main()" file="app.go;19"
time="2023-03-02T17:50:43+02:00" level=info msg="read application configuration" func="awesomeProject/internal/config.GetConfig.func1()" file="config.go;33"
time="2023-03-02T17:50:43+02:00" level=info func="awesomeProject/internal/config.GetConfig.func1()" file="config.go;37"
time="2023-03-02T17:50:43+02:00" level=fatal msg="field \"BindIP\" is required but the value is not provided" func="awesomeProject/internal/config.GetConfig.func1()" file="config.go;38"
time="2023-03-02T17:53:11+02:00" level=info msg="create router" func="main.main()" file="app.go;19"
time="2023-03-02T17:53:11+02:00" level=info msg="read application configuration" func="awesomeProject/internal/config.GetConfig.func1()" file="config.go;33"
time="2023-03-02T17:53:11+02:00" level=info func="awesomeProject/internal/config.GetConfig.func1()" file="config.go;37"
time="2023-03-02T17:53:11+02:00" level=fatal msg="field \"BindIP\" is required but the value is not provided" func="awesomeProject/internal/config.GetConfig.func1()" file="config.go;38"
time="2023-03-02T17:54:01+02:00" level=info msg="create router" func="main.main()" file="app.go;19"
time="2023-03-02T17:54:01+02:00" level=info msg="read application configuration" func="awesomeProject/internal/config.GetConfig.func1()" file="config.go;33"
time="2023-03-02T17:54:01+02:00" level=info func="awesomeProject/internal/config.GetConfig.func1()" file="config.go;37"
time="2023-03-02T17:54:01+02:00" level=fatal msg="field \"BindIP\" is required but the value is not provided" func="awesomeProject/internal/config.GetConfig.func1()" file="config.go;38"
time="2023-03-02T17:55:51+02:00" level=info msg="create router" func="main.main()" file="app.go;19"
time="2023-03-02T17:55:51+02:00" level=info msg="read application configuration" func="awesomeProject/internal/config.GetConfig.func1()" file="config.go;33"
time="2023-03-02T17:55:51+02:00" level=info func="awesomeProject/internal/config.GetConfig.func1()" file="config.go;37"
time="2023-03-02T17:55:51+02:00" level=fatal msg="field \"BindIP\" is required but the value is not provided" func="awesomeProject/internal/config.GetConfig.func1()" file="config.go;38"
time="2023-03-02T17:57:28+02:00" level=info msg="create router" func="main.main()" file="app.go;19"
time="2023-03-02T17:57:28+02:00" level=info msg="read application configuration" func="awesomeProject/internal/config.GetConfig.func1()" file="config.go;33"
time="2023-03-02T17:57:28+02:00" level=info msg="register user handler" func="main.main()" file="app.go;31"
time="2023-03-02T17:57:28+02:00" level=info msg="start application" func="main.start()" file="app.go;39"
time="2023-03-02T17:57:28+02:00" level=info msg="listen tcp socket" func="main.start()" file="app.go;57"
time="2023-03-02T17:57:28+02:00" level=info msg="server is listening port 127.0.0.1:1234" func="main.start()" file="app.go;59"
time="2023-03-02T21:29:11+02:00" level=info msg="create router" func="main.main()" file="app.go;19"
time="2023-03-02T21:29:11+02:00" level=info msg="read application configuration" func="awesomeProject/internal/config.GetConfig.func1()" file="config.go;33"
time="2023-03-02T21:29:11+02:00" level=info msg="register user handler" func="main.main()" file="app.go;31"
time="2023-03-02T21:29:11+02:00" level=info msg="start application" func="main.start()" file="app.go;39"
time="2023-03-02T21:29:11+02:00" level=info msg="listen tcp socket" func="main.start()" file="app.go;57"
time="2023-03-02T21:29:11+02:00" level=info msg="server is listening port 127.0.0.1:1234" func="main.start()" file="app.go;59"
time="2023-03-03T21:57:28+02:00" level=info msg="create router" func="main.main()" file="app.go;22"
time="2023-03-03T21:57:28+02:00" level=info msg="read application configuration" func="awesomeProject/internal/config.GetConfig.func1()" file="config.go;33"
time="2023-03-03T21:57:28+02:00" level=trace msg="SQL Query: INSERT INTO course (name) VALUES ($1) RETURNING id" func="awesomeProject/internal/course/db.(*repository).Create()" file="postgresql.go;20"
time="2023-03-03T21:57:28+02:00" level=info msg="register course handler" func="main.main()" file="app.go;39"
time="2023-03-03T21:57:28+02:00" level=info msg="start application" func="main.start()" file="app.go;47"
time="2023-03-03T21:57:28+02:00" level=info msg="listen tcp socket" func="main.start()" file="app.go;65"
time="2023-03-03T21:57:28+02:00" level=info msg="server is listening port 127.0.0.1:1234" func="main.start()" file="app.go;67"
time="2023-03-05T12:10:48+02:00" level=info msg="create router" func="main.main()" file="app.go;22"
time="2023-03-05T12:10:48+02:00" level=info msg="read application configuration" func="awesomeProject/internal/config.GetConfig.func1()" file="config.go;33"
time="2023-03-05T12:10:48+02:00" level=trace msg="SQL Query: INSERT INTO course (name) VALUES ($1) RETURNING id" func="awesomeProject/internal/course/db.(*repository).Create()" file="postgresql.go;20"
time="2023-03-05T12:10:48+02:00" level=info msg="register course handler" func="main.main()" file="app.go;39"
time="2023-03-05T12:10:48+02:00" level=info msg="start application" func="main.start()" file="app.go;47"
time="2023-03-05T12:10:48+02:00" level=info msg="listen tcp socket" func="main.start()" file="app.go;65"
time="2023-03-05T12:10:48+02:00" level=info msg="server is listening port 127.0.0.1:1234" func="main.start()" file="app.go;67"
time="2023-03-05T14:31:46+02:00" level=info msg="create router" func="main.main()" file="app.go;22"
time="2023-03-05T14:31:46+02:00" level=info msg="read application configuration" func="awesomeProject/internal/config.GetConfig.func1()" file="config.go;33"
time="2023-03-05T14:31:46+02:00" level=trace msg="SQL Query: INSERT INTO course (name) VALUES ($1) RETURNING id" func="awesomeProject/internal/course/db.(*repository).Create()" file="postgresql.go;20"
time="2023-03-05T14:31:46+02:00" level=info msg="register course handler" func="main.main()" file="app.go;39"
time="2023-03-05T14:31:46+02:00" level=info msg="register create course handler" func="main.main()" file="app.go;43"
time="2023-03-05T14:34:35+02:00" level=info msg="create router" func="main.main()" file="app.go;22"
time="2023-03-05T14:34:35+02:00" level=info msg="read application configuration" func="awesomeProject/internal/config.GetConfig.func1()" file="config.go;33"
time="2023-03-05T14:34:35+02:00" level=trace msg="SQL Query: INSERT INTO course (name) VALUES ($1) RETURNING id" func="awesomeProject/internal/course/db.(*repository).Create()" file="postgresql.go;20"
time="2023-03-05T14:34:35+02:00" level=info msg="register course handler" func="main.main()" file="app.go;39"
time="2023-03-05T14:34:35+02:00" level=info msg="register create course handler" func="main.main()" file="app.go;43"
time="2023-03-05T14:39:54+02:00" level=info msg="create router" func="main.main()" file="app.go;22"
time="2023-03-05T14:39:54+02:00" level=info msg="read application configuration" func="awesomeProject/internal/config.GetConfig.func1()" file="config.go;33"
time="2023-03-05T14:39:54+02:00" level=trace msg="SQL Query: INSERT INTO course (name) VALUES ($1) RETURNING id" func="awesomeProject/internal/course/db.(*repository).Create()" file="postgresql.go;20"
time="2023-03-05T14:39:54+02:00" level=info msg="register course handler" func="main.main()" file="app.go;39"
time="2023-03-05T14:39:54+02:00" level=info msg="register create course handler" func="main.main()" file="app.go;43"
time="2023-03-05T14:42:00+02:00" level=info msg="create router" func="main.main()" file="app.go;22"
time="2023-03-05T14:42:00+02:00" level=info msg="read application configuration" func="awesomeProject/internal/config.GetConfig.func1()" file="config.go;33"
time="2023-03-05T14:42:00+02:00" level=trace msg="SQL Query: INSERT INTO course (name) VALUES ($1) RETURNING id" func="awesomeProject/internal/course/db.(*repository).Create()" file="postgresql.go;20"
time="2023-03-05T14:42:00+02:00" level=info msg="register course handler" func="main.main()" file="app.go;39"
time="2023-03-05T14:42:00+02:00" level=info msg="register create course handler" func="main.main()" file="app.go;43"
time="2023-03-05T14:43:34+02:00" level=info msg="create router" func="main.main()" file="app.go;22"
time="2023-03-05T14:43:34+02:00" level=info msg="read application configuration" func="awesomeProject/internal/config.GetConfig.func1()" file="config.go;33"
time="2023-03-05T14:43:34+02:00" level=info msg="register course handler" func="main.main()" file="app.go;33"
time="2023-03-05T14:43:34+02:00" level=info msg="register create course handler" func="main.main()" file="app.go;37"
time="2023-03-05T14:44:32+02:00" level=info msg="create router" func="main.main()" file="app.go;22"
time="2023-03-05T14:44:32+02:00" level=info msg="read application configuration" func="awesomeProject/internal/config.GetConfig.func1()" file="config.go;33"
time="2023-03-05T14:44:32+02:00" level=info msg="register course handler" func="main.main()" file="app.go;33"
time="2023-03-05T14:45:10+02:00" level=info msg="create router" func="main.main()" file="app.go;22"
time="2023-03-05T14:45:10+02:00" level=info msg="read application configuration" func="awesomeProject/internal/config.GetConfig.func1()" file="config.go;33"
time="2023-03-05T14:45:10+02:00" level=info msg="register course handler" func="main.main()" file="app.go;33"
time="2023-03-05T14:45:10+02:00" level=info msg="register create course handler" func="main.main()" file="app.go;37"
time="2023-03-05T14:45:49+02:00" level=info msg="create router" func="main.main()" file="app.go;22"
time="2023-03-05T14:45:49+02:00" level=info msg="read application configuration" func="awesomeProject/internal/config.GetConfig.func1()" file="config.go;33"
time="2023-03-05T14:45:49+02:00" level=info msg="register course handler" func="main.main()" file="app.go;33"
time="2023-03-05T14:46:20+02:00" level=info msg="create router" func="main.main()" file="app.go;22"
time="2023-03-05T14:46:20+02:00" level=info msg="read application configuration" func="awesomeProject/internal/config.GetConfig.func1()" file="config.go;33"
time="2023-03-05T14:46:20+02:00" level=info msg="register course handler" func="main.main()" file="app.go;33"
time="2023-03-05T14:48:30+02:00" level=info msg="create router" func="main.main()" file="app.go;22"
time="2023-03-05T14:48:30+02:00" level=info msg="read application configuration" func="awesomeProject/internal/config.GetConfig.func1()" file="config.go;33"
time="2023-03-05T14:48:30+02:00" level=info msg="register course handler" func="main.main()" file="app.go;33"
time="2023-03-05T14:48:48+02:00" level=info msg="create router" func="main.main()" file="app.go;22"
time="2023-03-05T14:48:48+02:00" level=info msg="read application configuration" func="awesomeProject/internal/config.GetConfig.func1()" file="config.go;33"
time="2023-03-05T14:48:48+02:00" level=info msg="register course handler" func="main.main()" file="app.go;33"
time="2023-03-05T14:48:48+02:00" level=info msg="register create course handler" func="main.main()" file="app.go;37"
time="2023-03-05T14:49:51+02:00" level=info msg="create router" func="main.main()" file="app.go;22"
time="2023-03-05T14:49:51+02:00" level=info msg="read application configuration" func="awesomeProject/internal/config.GetConfig.func1()" file="config.go;33"
time="2023-03-05T14:49:51+02:00" level=info msg="register course handler" func="main.main()" file="app.go;33"
time="2023-03-05T14:49:51+02:00" level=info msg="register create course handler" func="main.main()" file="app.go;37"
time="2023-03-05T14:50:34+02:00" level=info msg="create router" func="main.main()" file="app.go;22"
time="2023-03-05T14:50:34+02:00" level=info msg="read application configuration" func="awesomeProject/internal/config.GetConfig.func1()" file="config.go;33"
time="2023-03-05T14:50:34+02:00" level=info msg="register course handler" func="main.main()" file="app.go;33"
time="2023-03-05T14:50:34+02:00" level=info msg="register create course handler" func="main.main()" file="app.go;37"
time="2023-03-05T14:52:43+02:00" level=info msg="create router" func="main.main()" file="app.go;22"
time="2023-03-05T14:52:43+02:00" level=info msg="read application configuration" func="awesomeProject/internal/config.GetConfig.func1()" file="config.go;33"
time="2023-03-05T14:52:43+02:00" level=info msg="register course handler" func="main.main()" file="app.go;33"
time="2023-03-05T14:52:43+02:00" level=info msg="register create course handler" func="main.main()" file="app.go;37"
time="2023-03-05T18:00:34+02:00" level=info msg="create router" func="main.main()" file="app.go;22"
time="2023-03-05T18:00:34+02:00" level=info msg="read application configuration" func="awesomeProject/internal/config.GetConfig.func1()" file="config.go;33"
time="2023-03-05T18:00:34+02:00" level=info msg="register course handler" func="main.main()" file="app.go;33"
time="2023-03-05T18:00:34+02:00" level=info msg="register create course handler" func="main.main()" file="app.go;37"
time="2023-03-06T18:16:55+02:00" level=info msg="create router" func="main.main()" file="app.go;24"
time="2023-03-06T18:16:55+02:00" level=info msg="read application configuration" func="awesomeProject/internal/config.GetConfig.func1()" file="config.go;33"
time="2023-03-06T18:16:55+02:00" level=info msg="register course handler" func="main.main()" file="app.go;36"
time="2023-03-06T18:16:55+02:00" level=info msg="register create course handler" func="main.main()" file="app.go;40"
time="2023-03-06T18:21:58+02:00" level=info msg="create router" func="main.main()" file="app.go;24"
time="2023-03-06T18:21:58+02:00" level=info msg="read application configuration" func="awesomeProject/internal/config.GetConfig.func1()" file="config.go;33"
time="2023-03-06T18:21:59+02:00" level=info msg="register course handler" func="main.main()" file="app.go;36"
time="2023-03-06T18:21:59+02:00" level=info msg="register create course handler" func="main.main()" file="app.go;40"
time="2023-03-06T18:23:54+02:00" level=info msg="create router" func="main.main()" file="app.go;22"
time="2023-03-06T18:23:54+02:00" level=info msg="read application configuration" func="awesomeProject/internal/config.GetConfig.func1()" file="config.go;33"
time="2023-03-06T18:23:54+02:00" level=info msg="register translate lesson name handler" func="main.main()" file="app.go;33"
time="2023-03-06T18:23:54+02:00" level=info msg="start application" func="main.start()" file="app.go;41"
time="2023-03-06T18:23:54+02:00" level=info msg="listen tcp socket" func="main.start()" file="app.go;59"
time="2023-03-06T18:23:54+02:00" level=info msg="server is listening port 127.0.0.1:1234" func="main.start()" file="app.go;61"
time="2023-03-06T18:29:11+02:00" level=info msg="create router" func="main.main()" file="app.go;22"
time="2023-03-06T18:29:11+02:00" level=info msg="read application configuration" func="awesomeProject/internal/config.GetConfig.func1()" file="config.go;33"
time="2023-03-06T18:29:11+02:00" level=info msg="register get all lessons' names" func="main.main()" file="app.go;33"
time="2023-03-06T18:29:11+02:00" level=info msg="start application" func="main.start()" file="app.go;41"
time="2023-03-06T18:29:11+02:00" level=info msg="listen tcp socket" func="main.start()" file="app.go;59"
time="2023-03-06T18:29:11+02:00" level=info msg="server is listening port 127.0.0.1:1234" func="main.start()" file="app.go;61"
time="2023-03-06T18:47:29+02:00" level=info msg="create router" func="main.main()" file="app.go;24"
time="2023-03-06T18:47:29+02:00" level=info msg="read application configuration" func="awesomeProject/internal/config.GetConfig.func1()" file="config.go;33"
time="2023-03-06T18:47:29+02:00" level=info msg="register course handler" func="main.main()" file="app.go;35"
time="2023-03-06T18:47:29+02:00" level=info msg="register create course handler" func="main.main()" file="app.go;39"
time="2023-03-06T18:51:16+02:00" level=info msg="create router" func="main.main()" file="app.go;24"
time="2023-03-06T18:51:16+02:00" level=info msg="read application configuration" func="awesomeProject/internal/config.GetConfig.func1()" file="config.go;33"
time="2023-03-06T18:51:16+02:00" level=info msg="register course handler" func="main.main()" file="app.go;35"
time="2023-03-06T18:51:16+02:00" level=info msg="register create course handler" func="main.main()" file="app.go;39"
time="2023-03-06T18:53:09+02:00" level=info msg="create router" func="main.main()" file="app.go;24"
time="2023-03-06T18:53:09+02:00" level=info msg="read application configuration" func="awesomeProject/internal/config.GetConfig.func1()" file="config.go;33"
time="2023-03-06T18:53:09+02:00" level=info msg="register course handler" func="main.main()" file="app.go;35"
time="2023-03-06T18:53:09+02:00" level=info msg="register create course handler" func="main.main()" file="app.go;39"
time="2023-03-06T18:58:00+02:00" level=info msg="create router" func="main.main()" file="app.go;24"
time="2023-03-06T18:58:00+02:00" level=info msg="read application configuration" func="awesomeProject/internal/config.GetConfig.func1()" file="config.go;33"
time="2023-03-06T18:58:00+02:00" level=info msg="register course handler" func="main.main()" file="app.go;35"
time="2023-03-06T18:58:00+02:00" level=info msg="register create course handler" func="main.main()" file="app.go;39"
time="2023-03-06T18:58:20+02:00" level=info msg="create router" func="main.main()" file="app.go;24"
time="2023-03-06T18:58:20+02:00" level=info msg="read application configuration" func="awesomeProject/internal/config.GetConfig.func1()" file="config.go;33"
time="2023-03-06T18:58:20+02:00" level=info msg="register course handler" func="main.main()" file="app.go;35"
time="2023-03-06T18:58:20+02:00" level=info msg="register create course handler" func="main.main()" file="app.go;39"
time="2023-03-06T18:58:58+02:00" level=info msg="create router" func="main.main()" file="app.go;24"
time="2023-03-06T18:58:58+02:00" level=info msg="read application configuration" func="awesomeProject/internal/config.GetConfig.func1()" file="config.go;33"
time="2023-03-06T18:58:58+02:00" level=info msg="register course handler" func="main.main()" file="app.go;35"
time="2023-03-06T18:58:58+02:00" level=info msg="register create course handler" func="main.main()" file="app.go;39"
time="2023-03-06T19:08:17+02:00" level=info msg="create router" func="main.main()" file="app.go;24"
time="2023-03-06T19:08:17+02:00" level=info msg="read application configuration" func="awesomeProject/internal/config.GetConfig.func1()" file="config.go;33"
time="2023-03-06T19:08:17+02:00" level=info msg="register course handler" func="main.main()" file="app.go;35"
time="2023-03-06T19:08:17+02:00" level=info msg="register create course handler" func="main.main()" file="app.go;39"
time="2023-03-09T21:38:44+02:00" level=info msg="create router" func="main.main()" file="app.go;24"
time="2023-03-09T21:38:44+02:00" level=info msg="read application configuration" func="awesomeProject/internal/config.GetConfig.func1()" file="config.go;33"
time="2023-03-09T21:38:44+02:00" level=info msg="register course handler" func="main.main()" file="app.go;41"
time="2023-03-09T21:38:44+02:00" level=info msg="register update lesson handler" func="main.main()" file="app.go;45"
time="2023-03-09T21:38:44+02:00" level=info msg="start application" func="main.start()" file="app.go;53"
time="2023-03-09T21:38:44+02:00" level=info msg="listen tcp socket" func="main.start()" file="app.go;71"
time="2023-03-09T21:38:44+02:00" level=info msg="server is listening port 127.0.0.1:1234" func="main.start()" file="app.go;73"
